<?xml version="1.0" encoding="UTF-8"?>
<testsuite xmlns:xsi="http://www.w3.org/2001/XMLSchema-instance" xsi:noNamespaceSchemaLocation="https://maven.apache.org/surefire/maven-surefire-plugin/xsd/surefire-test-report-3.0.xsd" version="3.0" name="com.example.producingwebservice.ProducingWebServiceApplicationTests" time="3.96" tests="1" errors="0" skipped="0" failures="0">
  <properties>
[...]
</properties>
  <testcase name="contextLoads" classname="com.example.producingwebservice.ProducingWebServiceApplicationTests" time="1.21">
    <system-out><![CDATA[17:42:03.251 [main] INFO org.springframework.test.context.support.AnnotationConfigContextLoaderUtils -- Could not detect default configuration classes for test class [com.example.producingwebservice.ProducingWebServiceApplicationTests]: ProducingWebServiceApplicationTests does not declare any static, non-private, non-final, nested classes annotated with @Configuration.
17:42:03.394 [main] INFO org.springframework.boot.test.context.SpringBootTestContextBootstrapper -- Found @SpringBootConfiguration com.example.producingwebservice.ProducingWebServiceApplication for test class com.example.producingwebservice.ProducingWebServiceApplicationTests
  .   ____          _            __ _ _
 /\\ / ___'_ __ _ _(_)_ __  __ _ \ \ \ \
( ( )\___ | '_ | '_| | '_ \/ _` | \ \ \ \
 \\/  ___)| |_)| | | | | || (_| |  ) ) ) )
  '  |____| .__|_| |_|_| |_\__, | / / / /
 =========|_|==============|___/=/_/_/_/

 :: Spring Boot ::                (v3.3.0)

2024-09-24T17:42:03.926-05:00  INFO 173064 --- [           main] .e.p.ProducingWebServiceApplicationTests : Starting ProducingWebServiceApplicationTests using Java 17 with PID 173064 (started by clara in C:\Users\clara\OneDrive\Documentos\GML\pokemon-soap)
2024-09-24T17:42:03.928-05:00  INFO 173064 --- [           main] .e.p.ProducingWebServiceApplicationTests : No active profile set, falling back to 1 default profile: "default"
2024-09-24T17:42:04.903-05:00  WARN 173064 --- [           main] trationDelegate$BeanPostProcessorChecker : Bean 'webServiceConfig' of type [com.example.producingwebservice.WebServiceConfig$$SpringCGLIB$$0] is not eligible for getting processed by all BeanPostProcessors (for example: not eligible for auto-proxying). Is this bean getting eagerly injected into a currently created BeanPostProcessor [annotationActionEndpointMapping]? Check the corresponding BeanPostProcessor declaration and its dependencies.
2024-09-24T17:42:04.904-05:00  WARN 173064 --- [           main] trationDelegate$BeanPostProcessorChecker : Bean 'org.springframework.ws.config.annotation.DelegatingWsConfiguration' of type [org.springframework.ws.config.annotation.DelegatingWsConfiguration$$SpringCGLIB$$0] is not eligible for getting processed by all BeanPostProcessors (for example: not eligible for auto-proxying). The currently created BeanPostProcessor [annotationActionEndpointMapping] is declared through a non-static factory method on that class; consider declaring it as static instead.
2024-09-24T17:42:04.966-05:00  INFO 173064 --- [           main] .w.s.a.s.AnnotationActionEndpointMapping : Supporting [WS-Addressing August 2004, WS-Addressing 1.0]
2024-09-24T17:42:05.742-05:00  INFO 173064 --- [           main] .e.p.ProducingWebServiceApplicationTests : Started ProducingWebServiceApplicationTests in 2.143 seconds (process running for 3.591)
]]></system-out>
  </testcase>
</testsuite>